
  .   ____          _            __ _ _
 /\\ / ___'_ __ _ _(_)_ __  __ _ \ \ \ \
( ( )\___ | '_ | '_| | '_ \/ _` | \ \ \ \
 \\/  ___)| |_)| | | | | || (_| |  ) ) ) )
  '  |____| .__|_| |_|_| |_\__, | / / / /
 =========|_|==============|___/=/_/_/_/
 :: Spring Boot ::        (v2.1.4.RELEASE)

2019-08-18 15:33:24.953  INFO 27285 --- [           main] pers.piiicback.EchartTestApplication     : Starting EchartTestApplication v0.0.1-SNAPSHOT on VM_0_10_centos with PID 27285 (/root/deploy/web/saikapiiic.jar started by root in /root/gitrepo/jsonUpload)
2019-08-18 15:33:25.012  INFO 27285 --- [           main] pers.piiicback.EchartTestApplication     : No active profile set, falling back to default profiles: default
2019-08-18 15:33:28.796  INFO 27285 --- [           main] o.s.b.w.embedded.tomcat.TomcatWebServer  : Tomcat initialized with port(s): 8081 (https) 80 (http)
2019-08-18 15:33:28.941  INFO 27285 --- [           main] o.apache.catalina.core.StandardService   : Starting service [Tomcat]
2019-08-18 15:33:28.942  INFO 27285 --- [           main] org.apache.catalina.core.StandardEngine  : Starting Servlet engine: [Apache Tomcat/9.0.17]
2019-08-18 15:33:29.188  INFO 27285 --- [           main] o.a.c.c.C.[Tomcat].[localhost].[/]       : Initializing Spring embedded WebApplicationContext
2019-08-18 15:33:29.188  INFO 27285 --- [           main] o.s.web.context.ContextLoader            : Root WebApplicationContext: initialization completed in 4013 ms
2019-08-18 15:33:29.865  INFO 27285 --- [           main] o.s.s.concurrent.ThreadPoolTaskExecutor  : Initializing ExecutorService 'applicationTaskExecutor'
2019-08-18 15:33:30.376  INFO 27285 --- [           main] o.s.b.a.w.s.WelcomePageHandlerMapping    : Adding welcome page: class path resource [view/index.html]
2019-08-18 15:33:31.055  INFO 27285 --- [           main] o.s.b.w.embedded.tomcat.TomcatWebServer  : Tomcat started on port(s): 8081 (https) 80 (http) with context path ''
2019-08-18 15:33:31.070  INFO 27285 --- [           main] pers.piiicback.EchartTestApplication     : Started EchartTestApplication in 7.37 seconds (JVM running for 8.477)
2019-08-18 15:33:51.225  INFO 27285 --- [nio-8081-exec-4] o.a.c.c.C.[Tomcat].[localhost].[/]       : Initializing Spring DispatcherServlet 'dispatcherServlet'
2019-08-18 15:33:51.225  INFO 27285 --- [nio-8081-exec-4] o.s.web.servlet.DispatcherServlet        : Initializing Servlet 'dispatcherServlet'
2019-08-18 15:33:51.248  INFO 27285 --- [nio-8081-exec-4] o.s.web.servlet.DispatcherServlet        : Completed initialization in 23 ms
{"Gift":{"Gift1Desc3":"","Gift2Name":"","Gift2Desc1":"","Gift1Desc2":"","Gift2Desc2":"","GiftNum":"","Gift3Desc3":"","Gift3Desc2":"","Gift3Desc1":"","Gift1Name":"","Gift3Name":"","Gift1Desc1":"","Gift2Desc3":"","GiftOverall":"","isExist":"0"},"Skill":{"Skill2Desc":"","Skill3Conclusion":"","Skill1Name":"","SkillOverAll":"","Skill1Conclusion":"","Skill3Name":"","Logistics1Desc":"","Logistics1Name":"","Skill3Desc":"","Skill1Desc":"","SkillNum":"","LogisticsOverall":"","Skill2Name":"","Skill2Conclusion":"","isExist":"0","LogNum":""},"Gist":{"Team":"","Deploy":"","isExist":"0","Train":"","Other":""},"Character_Base":{"AttackScope":"■■■□■■■■■","Position":"远程位群攻控场","MainColor":"#983E3E","PrefaceValue":"天火作为现阶段最高星级的常规群法，适用于各种出现人数众多以及高防御的敌人的关卡，是目前群法的最优选择，精英一后的技能天坠之火凭借高额的伤害和珍贵的晕眩效果，使得她在各种关卡中大放光彩，是不可多得的高AOE输出干员","InShort":"伤害高而稳定、控场强力的群伤术师","Range":"5","CodeVer":"[0005]","CodeVerInt":5,"CodeNameCh":"天火","Logo":"罗德岛","CodeNameEn":"Skyfire","codeimg":"1","NationEn":"RHODES_ISLAND(罗德岛)","Duty":"术师","Features":"攻击造成群体法术伤害","AttackScope_E1":"■■■□■■■■■","PrefaceCompare":"作为一个五星群法，相比艾雅法拉虽没有超高的爆发，但其稳定的群体AOE伤害以及开启技能后的高伤害AOE以及晕眩效果彰显了能力的出色，与四星的远山相比，远山胜在更广范围的群体伤害，在LS-4图中对抗幽灵有相当不错的效果，而天火无副作用的高额伤害以及晕眩效果使得她输出更加持久与稳定","wordCode":"TQ"}}
{"CodeNameEn":"Skyfire","DutyImg":"https://raw.githubusercontent.com/SearchBird/ImageIO/master/img/duty/duty-duty-magic_back.png","MainColor":"#983E3E","DutyCh":"术师","Range":"5","CodeImg":"https://raw.githubusercontent.com/SearchBird/ImageIO/master/img/charecter-bust/skyfire2-min.png","CodeVerInt":5,"CodeNameCh":"天火[0005]","wordCode":"TQ","CodeNameEnVer":"Skyfire[0005]","DutyEn":"duty-magic","commitDate":"2019.7.18<br/>15:33:49"}
org.eclipse.jgit.transport.PushResult@e89cca3
{"Gift":{"Gift1Desc3":"","Gift2Name":"","Gift2Desc1":"","Gift1Desc2":"","Gift2Desc2":"","GiftNum":"","Gift3Desc3":"","Gift3Desc2":"","Gift3Desc1":"","Gift1Name":"","Gift3Name":"","Gift1Desc1":"","Gift2Desc3":"","GiftOverall":"","isExist":"0"},"Skill":{"Skill2Desc":"","Skill3Conclusion":"","Skill1Name":"","SkillOverAll":"","Skill1Conclusion":"","Skill3Name":"","Logistics1Desc":"","Logistics1Name":"","Skill3Desc":"","Skill1Desc":"","SkillNum":"","LogisticsOverall":"","Skill2Name":"","Skill2Conclusion":"","isExist":"0","LogNum":""},"Gist":{"Team":"","Deploy":"","isExist":"0","Train":"","Other":""},"Character_Base":{"AttackScope":"■■■□■■■■■","Position":"远程位群攻控场","MainColor":"#983E3E","PrefaceValue":"天火作为现阶段最高星级的常规群法，适用于各种出现人数众多以及高防御的敌人的关卡，是目前群法的最优选择，精英一后的技能天坠之火凭借高额的伤害和珍贵的晕眩效果，使得她在各种关卡中大放光彩，是不可多得的高AOE输出干员","InShort":"伤害高而稳定、控场强力的群伤术师","Range":"5","CodeVer":"[0006]","CodeVerInt":6,"CodeNameCh":"天火","Logo":"罗德岛","CodeNameEn":"Skyfire","codeimg":"1","NationEn":"RHODES_ISLAND(罗德岛)","Duty":"术师","Features":"攻击造成群体法术伤害","AttackScope_E1":"■■■□■■■■■","PrefaceCompare":"作为一个五星群法，相比艾雅法拉虽没有超高的爆发，但其稳定的群体AOE伤害以及开启技能后的高伤害AOE以及晕眩效果彰显了能力的出色，与四星的远山相比，远山胜在更广范围的群体伤害，在LS-4图中对抗幽灵有相当不错的效果，而天火无副作用的高额伤害以及晕眩效果使得她输出更加持久与稳定","wordCode":"TQ"}}
{"CodeNameEn":"Skyfire","DutyImg":"https://raw.githubusercontent.com/SearchBird/ImageIO/master/img/duty/duty-duty-magic_back.png","MainColor":"#983E3E","DutyCh":"术师","Range":"5","CodeImg":"https://raw.githubusercontent.com/SearchBird/ImageIO/master/img/charecter-bust/skyfire2-min.png","CodeVerInt":6,"CodeNameCh":"天火[0006]","wordCode":"TQ","CodeNameEnVer":"Skyfire[0006]","DutyEn":"duty-magic","commitDate":"2019.7.18<br/>15:38:56"}
